{"/Users/samclaxton/Desktop/coding-challenge/app.js": {"path":"/Users/samclaxton/Desktop/coding-challenge/app.js","statementMap":{"0":{"start":{"line":1,"column":11},"end":{"line":1,"column":24}},"1":{"start":{"line":3,"column":11},"end":{"line":3,"column":41}},"2":{"start":{"line":4,"column":15},"end":{"line":4,"column":31}},"3":{"start":{"line":7,"column":19},"end":{"line":7,"column":20}},"4":{"start":{"line":11,"column":0},"end":{"line":15,"column":7}},"5":{"start":{"line":12,"column":21},"end":{"line":12,"column":56}},"6":{"start":{"line":14,"column":8},"end":{"line":14,"column":42}},"7":{"start":{"line":17,"column":0},"end":{"line":17,"column":57}},"8":{"start":{"line":22,"column":20},"end":{"line":22,"column":21}},"9":{"start":{"line":24,"column":0},"end":{"line":28,"column":7}},"10":{"start":{"line":25,"column":21},"end":{"line":25,"column":56}},"11":{"start":{"line":27,"column":8},"end":{"line":27,"column":43}},"12":{"start":{"line":30,"column":15},"end":{"line":30,"column":81}},"13":{"start":{"line":31,"column":0},"end":{"line":31,"column":37}},"14":{"start":{"line":36,"column":22},"end":{"line":36,"column":23}},"15":{"start":{"line":39,"column":0},"end":{"line":43,"column":7}},"16":{"start":{"line":40,"column":21},"end":{"line":40,"column":81}},"17":{"start":{"line":42,"column":8},"end":{"line":42,"column":45}},"18":{"start":{"line":47,"column":2},"end":{"line":47,"column":47}},"19":{"start":{"line":50,"column":0},"end":{"line":50,"column":108}},"20":{"start":{"line":57,"column":4},"end":{"line":57,"column":62}},"21":{"start":{"line":59,"column":0},"end":{"line":59,"column":97}},"22":{"start":{"line":70,"column":18},"end":{"line":70,"column":19}},"23":{"start":{"line":72,"column":0},"end":{"line":76,"column":7}},"24":{"start":{"line":73,"column":21},"end":{"line":73,"column":212}},"25":{"start":{"line":75,"column":8},"end":{"line":75,"column":41}},"26":{"start":{"line":80,"column":19},"end":{"line":80,"column":20}},"27":{"start":{"line":82,"column":1},"end":{"line":86,"column":7}},"28":{"start":{"line":83,"column":21},"end":{"line":83,"column":216}},"29":{"start":{"line":85,"column":8},"end":{"line":85,"column":42}},"30":{"start":{"line":89,"column":4},"end":{"line":89,"column":45}},"31":{"start":{"line":95,"column":24},"end":{"line":95,"column":25}},"32":{"start":{"line":97,"column":0},"end":{"line":101,"column":7}},"33":{"start":{"line":98,"column":21},"end":{"line":98,"column":181}},"34":{"start":{"line":100,"column":8},"end":{"line":100,"column":47}},"35":{"start":{"line":105,"column":23},"end":{"line":105,"column":24}},"36":{"start":{"line":107,"column":0},"end":{"line":111,"column":7}},"37":{"start":{"line":108,"column":21},"end":{"line":108,"column":180}},"38":{"start":{"line":110,"column":8},"end":{"line":110,"column":46}},"39":{"start":{"line":114,"column":4},"end":{"line":114,"column":60}},"40":{"start":{"line":118,"column":8},"end":{"line":118,"column":53}},"41":{"start":{"line":121,"column":0},"end":{"line":121,"column":113}},"42":{"start":{"line":123,"column":4},"end":{"line":123,"column":30}}},"fnMap":{"0":{"name":"(anonymous_0)","decl":{"start":{"line":12,"column":12},"end":{"line":12,"column":13}},"loc":{"start":{"line":12,"column":21},"end":{"line":12,"column":56}},"line":12},"1":{"name":"(anonymous_1)","decl":{"start":{"line":13,"column":13},"end":{"line":13,"column":14}},"loc":{"start":{"line":13,"column":21},"end":{"line":15,"column":5}},"line":13},"2":{"name":"(anonymous_2)","decl":{"start":{"line":25,"column":12},"end":{"line":25,"column":13}},"loc":{"start":{"line":25,"column":21},"end":{"line":25,"column":56}},"line":25},"3":{"name":"(anonymous_3)","decl":{"start":{"line":26,"column":13},"end":{"line":26,"column":14}},"loc":{"start":{"line":26,"column":21},"end":{"line":28,"column":5}},"line":26},"4":{"name":"(anonymous_4)","decl":{"start":{"line":40,"column":12},"end":{"line":40,"column":13}},"loc":{"start":{"line":40,"column":21},"end":{"line":40,"column":81}},"line":40},"5":{"name":"(anonymous_5)","decl":{"start":{"line":41,"column":13},"end":{"line":41,"column":14}},"loc":{"start":{"line":41,"column":21},"end":{"line":43,"column":5}},"line":41},"6":{"name":"grossProfitMargin","decl":{"start":{"line":46,"column":11},"end":{"line":46,"column":28}},"loc":{"start":{"line":46,"column":61},"end":{"line":48,"column":1}},"line":46},"7":{"name":"netProfit","decl":{"start":{"line":56,"column":9},"end":{"line":56,"column":18}},"loc":{"start":{"line":56,"column":49},"end":{"line":58,"column":1}},"line":56},"8":{"name":"(anonymous_8)","decl":{"start":{"line":73,"column":12},"end":{"line":73,"column":13}},"loc":{"start":{"line":73,"column":21},"end":{"line":73,"column":212}},"line":73},"9":{"name":"(anonymous_9)","decl":{"start":{"line":74,"column":13},"end":{"line":74,"column":14}},"loc":{"start":{"line":74,"column":21},"end":{"line":76,"column":5}},"line":74},"10":{"name":"(anonymous_10)","decl":{"start":{"line":83,"column":12},"end":{"line":83,"column":13}},"loc":{"start":{"line":83,"column":21},"end":{"line":83,"column":216}},"line":83},"11":{"name":"(anonymous_11)","decl":{"start":{"line":84,"column":13},"end":{"line":84,"column":14}},"loc":{"start":{"line":84,"column":21},"end":{"line":86,"column":5}},"line":84},"12":{"name":"(anonymous_12)","decl":{"start":{"line":98,"column":12},"end":{"line":98,"column":13}},"loc":{"start":{"line":98,"column":21},"end":{"line":98,"column":181}},"line":98},"13":{"name":"(anonymous_13)","decl":{"start":{"line":99,"column":13},"end":{"line":99,"column":14}},"loc":{"start":{"line":99,"column":21},"end":{"line":101,"column":5}},"line":99},"14":{"name":"(anonymous_14)","decl":{"start":{"line":108,"column":12},"end":{"line":108,"column":13}},"loc":{"start":{"line":108,"column":21},"end":{"line":108,"column":180}},"line":108},"15":{"name":"(anonymous_15)","decl":{"start":{"line":109,"column":13},"end":{"line":109,"column":14}},"loc":{"start":{"line":109,"column":21},"end":{"line":111,"column":5}},"line":109},"16":{"name":"workingCapitalRatio","decl":{"start":{"line":117,"column":13},"end":{"line":117,"column":32}},"loc":{"start":{"line":117,"column":65},"end":{"line":119,"column":5}},"line":117}},"branchMap":{"0":{"loc":{"start":{"line":40,"column":21},"end":{"line":40,"column":81}},"type":"binary-expr","locations":[{"start":{"line":40,"column":21},"end":{"line":40,"column":50}},{"start":{"line":40,"column":54},"end":{"line":40,"column":81}}],"line":40},"1":{"loc":{"start":{"line":73,"column":21},"end":{"line":73,"column":212}},"type":"binary-expr","locations":[{"start":{"line":73,"column":22},"end":{"line":73,"column":56}},{"start":{"line":73,"column":60},"end":{"line":73,"column":87}},{"start":{"line":73,"column":93},"end":{"line":73,"column":121}},{"start":{"line":73,"column":125},"end":{"line":73,"column":176}},{"start":{"line":73,"column":180},"end":{"line":73,"column":211}}],"line":73},"2":{"loc":{"start":{"line":83,"column":21},"end":{"line":83,"column":216}},"type":"binary-expr","locations":[{"start":{"line":83,"column":22},"end":{"line":83,"column":56}},{"start":{"line":83,"column":60},"end":{"line":83,"column":88}},{"start":{"line":83,"column":94},"end":{"line":83,"column":125}},{"start":{"line":83,"column":129},"end":{"line":83,"column":160}},{"start":{"line":83,"column":164},"end":{"line":83,"column":215}}],"line":83},"3":{"loc":{"start":{"line":98,"column":21},"end":{"line":98,"column":181}},"type":"binary-expr","locations":[{"start":{"line":98,"column":22},"end":{"line":98,"column":59}},{"start":{"line":98,"column":63},"end":{"line":98,"column":91}},{"start":{"line":98,"column":97},"end":{"line":98,"column":128}},{"start":{"line":98,"column":132},"end":{"line":98,"column":180}}],"line":98},"4":{"loc":{"start":{"line":108,"column":21},"end":{"line":108,"column":180}},"type":"binary-expr","locations":[{"start":{"line":108,"column":22},"end":{"line":108,"column":59}},{"start":{"line":108,"column":63},"end":{"line":108,"column":90}},{"start":{"line":108,"column":96},"end":{"line":108,"column":127}},{"start":{"line":108,"column":131},"end":{"line":108,"column":179}}],"line":108}},"s":{"0":1,"1":1,"2":1,"3":1,"4":1,"5":25,"6":1,"7":1,"8":1,"9":1,"10":25,"11":14,"12":1,"13":1,"14":1,"15":1,"16":25,"17":0,"18":1,"19":1,"20":3,"21":1,"22":1,"23":1,"24":25,"25":3,"26":1,"27":1,"28":25,"29":0,"30":1,"31":1,"32":1,"33":25,"34":3,"35":1,"36":1,"37":25,"38":0,"39":1,"40":1,"41":1,"42":1},"f":{"0":25,"1":1,"2":25,"3":14,"4":25,"5":0,"6":1,"7":3,"8":25,"9":3,"10":25,"11":0,"12":25,"13":3,"14":25,"15":0,"16":1},"b":{"0":[25,1],"1":[25,5,4,2,1],"2":[25,5,1,1,1],"3":[25,5,5,3],"4":[25,5,0,0]},"_coverageSchema":"1a1c01bbd47fc00a2c39e90264f33305004495a9","hash":"77fd91711545e24cc6804ea0fa5873d2be30c461"}
}
