TN:
SF:app.js
FN:12,(anonymous_0)
FN:13,(anonymous_1)
FN:25,(anonymous_2)
FN:26,(anonymous_3)
FN:40,(anonymous_4)
FN:41,(anonymous_5)
FN:46,grossProfitMargin
FN:56,netProfit
FN:73,(anonymous_8)
FN:74,(anonymous_9)
FN:83,(anonymous_10)
FN:84,(anonymous_11)
FN:98,(anonymous_12)
FN:99,(anonymous_13)
FN:108,(anonymous_14)
FN:109,(anonymous_15)
FN:117,workingCapitalRatio
FNF:17
FNH:14
FNDA:25,(anonymous_0)
FNDA:1,(anonymous_1)
FNDA:25,(anonymous_2)
FNDA:14,(anonymous_3)
FNDA:25,(anonymous_4)
FNDA:0,(anonymous_5)
FNDA:1,grossProfitMargin
FNDA:3,netProfit
FNDA:25,(anonymous_8)
FNDA:3,(anonymous_9)
FNDA:25,(anonymous_10)
FNDA:0,(anonymous_11)
FNDA:25,(anonymous_12)
FNDA:3,(anonymous_13)
FNDA:25,(anonymous_14)
FNDA:0,(anonymous_15)
FNDA:1,workingCapitalRatio
DA:1,1
DA:3,1
DA:4,1
DA:7,1
DA:11,1
DA:12,25
DA:14,1
DA:17,1
DA:22,1
DA:24,1
DA:25,25
DA:27,14
DA:30,1
DA:31,1
DA:36,1
DA:39,1
DA:40,25
DA:42,0
DA:47,1
DA:50,1
DA:57,3
DA:59,1
DA:70,1
DA:72,1
DA:73,25
DA:75,3
DA:80,1
DA:82,1
DA:83,25
DA:85,0
DA:89,1
DA:95,1
DA:97,1
DA:98,25
DA:100,3
DA:105,1
DA:107,1
DA:108,25
DA:110,0
DA:114,1
DA:118,1
DA:121,1
DA:123,1
LF:43
LH:40
BRDA:40,0,0,25
BRDA:40,0,1,1
BRDA:73,1,0,25
BRDA:73,1,1,5
BRDA:73,1,2,4
BRDA:73,1,3,2
BRDA:73,1,4,1
BRDA:83,2,0,25
BRDA:83,2,1,5
BRDA:83,2,2,1
BRDA:83,2,3,1
BRDA:83,2,4,1
BRDA:98,3,0,25
BRDA:98,3,1,5
BRDA:98,3,2,5
BRDA:98,3,3,3
BRDA:108,4,0,25
BRDA:108,4,1,5
BRDA:108,4,2,0
BRDA:108,4,3,0
BRF:20
BRH:18
end_of_record
